This is pdfTeX, Version 3.14159265-2.6-1.40.17 (TeX Live 2016/Arch Linux) (preloaded format=pdflatex 2016.9.13)  9 NOV 2016 23:24
entering extended mode
 restricted \write18 enabled.
 %&-line parsing enabled.
**paper_assignment_1_solved.tex
(./paper_assignment_1_solved.tex
LaTeX2e <2016/03/31> patch level 3
Babel <3.9r> and hyphenation patterns for 83 language(s) loaded.
(/usr/share/texmf-dist/tex/latex/base/article.cls
Document Class: article 2014/09/29 v1.4h Standard LaTeX document class
(/usr/share/texmf-dist/tex/latex/base/size10.clo
File: size10.clo 2014/09/29 v1.4h Standard LaTeX file (size option)
)
\c@part=\count79
\c@section=\count80
\c@subsection=\count81
\c@subsubsection=\count82
\c@paragraph=\count83
\c@subparagraph=\count84
\c@figure=\count85
\c@table=\count86
\abovecaptionskip=\skip41
\belowcaptionskip=\skip42
\bibindent=\dimen102
)
(/usr/share/texmf-dist/tex/latex/amsmath/amsmath.sty
Package: amsmath 2016/06/28 v2.15d AMS math features
\@mathmargin=\skip43

For additional information on amsmath, use the `?' option.
(/usr/share/texmf-dist/tex/latex/amsmath/amstext.sty
Package: amstext 2000/06/29 v2.01 AMS text

(/usr/share/texmf-dist/tex/latex/amsmath/amsgen.sty
File: amsgen.sty 1999/11/30 v2.0 generic functions
\@emptytoks=\toks14
\ex@=\dimen103
))
(/usr/share/texmf-dist/tex/latex/amsmath/amsbsy.sty
Package: amsbsy 1999/11/29 v1.2d Bold Symbols
\pmbraise@=\dimen104
)
(/usr/share/texmf-dist/tex/latex/amsmath/amsopn.sty
Package: amsopn 2016/03/08 v2.02 operator names
)
\inf@bad=\count87
LaTeX Info: Redefining \frac on input line 199.
\uproot@=\count88
\leftroot@=\count89
LaTeX Info: Redefining \overline on input line 297.
\classnum@=\count90
\DOTSCASE@=\count91
LaTeX Info: Redefining \ldots on input line 394.
LaTeX Info: Redefining \dots on input line 397.
LaTeX Info: Redefining \cdots on input line 518.
\Mathstrutbox@=\box26
\strutbox@=\box27
\big@size=\dimen105
LaTeX Font Info:    Redeclaring font encoding OML on input line 634.
LaTeX Font Info:    Redeclaring font encoding OMS on input line 635.
\macc@depth=\count92
\c@MaxMatrixCols=\count93
\dotsspace@=\muskip10
\c@parentequation=\count94
\dspbrk@lvl=\count95
\tag@help=\toks15
\row@=\count96
\column@=\count97
\maxfields@=\count98
\andhelp@=\toks16
\eqnshift@=\dimen106
\alignsep@=\dimen107
\tagshift@=\dimen108
\tagwidth@=\dimen109
\totwidth@=\dimen110
\lineht@=\dimen111
\@envbody=\toks17
\multlinegap=\skip44
\multlinetaggap=\skip45
\mathdisplay@stack=\toks18
LaTeX Info: Redefining \[ on input line 2739.
LaTeX Info: Redefining \] on input line 2740.
)
(/usr/share/texmf-dist/tex/latex/amsfonts/amssymb.sty
Package: amssymb 2013/01/14 v3.01 AMS font symbols

(/usr/share/texmf-dist/tex/latex/amsfonts/amsfonts.sty
Package: amsfonts 2013/01/14 v3.01 Basic AMSFonts support
\symAMSa=\mathgroup4
\symAMSb=\mathgroup5
LaTeX Font Info:    Overwriting math alphabet `\mathfrak' in version `bold'
(Font)                  U/euf/m/n --> U/euf/b/n on input line 106.
))
(/usr/share/texmf-dist/tex/latex/tools/multicol.sty
Package: multicol 2016/04/07 v1.8p multicolumn formatting (FMi)
\c@tracingmulticols=\count99
\mult@box=\box28
\multicol@leftmargin=\dimen112
\c@unbalance=\count100
\c@collectmore=\count101
\doublecol@number=\count102
\multicoltolerance=\count103
\multicolpretolerance=\count104
\full@width=\dimen113
\page@free=\dimen114
\premulticols=\dimen115
\postmulticols=\dimen116
\multicolsep=\skip46
\multicolbaselineskip=\skip47
\partial@page=\box29
\last@line=\box30
\maxbalancingoverflow=\dimen117
\mult@rightbox=\box31
\mult@grightbox=\box32
\mult@gfirstbox=\box33
\mult@firstbox=\box34
\@tempa=\box35
\@tempa=\box36
\@tempa=\box37
\@tempa=\box38
\@tempa=\box39
\@tempa=\box40
\@tempa=\box41
\@tempa=\box42
\@tempa=\box43
\@tempa=\box44
\@tempa=\box45
\@tempa=\box46
\@tempa=\box47
\@tempa=\box48
\@tempa=\box49
\@tempa=\box50
\@tempa=\box51
\c@columnbadness=\count105
\c@finalcolumnbadness=\count106
\last@try=\dimen118
\multicolovershoot=\dimen119
\multicolundershoot=\dimen120
\mult@nat@firstbox=\box52
\colbreak@box=\box53
\mc@col@check@num=\count107
)
(/usr/share/texmf-dist/tex/latex/geometry/geometry.sty
Package: geometry 2010/09/12 v5.6 Page Geometry

(/usr/share/texmf-dist/tex/latex/graphics/keyval.sty
Package: keyval 2014/10/28 v1.15 key=value parser (DPC)
\KV@toks@=\toks19
)
(/usr/share/texmf-dist/tex/generic/oberdiek/ifpdf.sty
Package: ifpdf 2016/05/14 v3.1 Provides the ifpdf switch
)
(/usr/share/texmf-dist/tex/generic/oberdiek/ifvtex.sty
Package: ifvtex 2016/05/16 v1.6 Detect VTeX and its facilities (HO)
Package ifvtex Info: VTeX not detected.
)
(/usr/share/texmf-dist/tex/generic/ifxetex/ifxetex.sty
Package: ifxetex 2010/09/12 v0.6 Provides ifxetex conditional
)
\Gm@cnth=\count108
\Gm@cntv=\count109
\c@Gm@tempcnt=\count110
\Gm@bindingoffset=\dimen121
\Gm@wd@mp=\dimen122
\Gm@odd@mp=\dimen123
\Gm@even@mp=\dimen124
\Gm@layoutwidth=\dimen125
\Gm@layoutheight=\dimen126
\Gm@layouthoffset=\dimen127
\Gm@layoutvoffset=\dimen128
\Gm@dimlist=\toks20
)
(./paper_assignment_1_solved.aux)
\openout1 = `paper_assignment_1_solved.aux'.

LaTeX Font Info:    Checking defaults for OML/cmm/m/it on input line 10.
LaTeX Font Info:    ... okay on input line 10.
LaTeX Font Info:    Checking defaults for T1/cmr/m/n on input line 10.
LaTeX Font Info:    ... okay on input line 10.
LaTeX Font Info:    Checking defaults for OT1/cmr/m/n on input line 10.
LaTeX Font Info:    ... okay on input line 10.
LaTeX Font Info:    Checking defaults for OMS/cmsy/m/n on input line 10.
LaTeX Font Info:    ... okay on input line 10.
LaTeX Font Info:    Checking defaults for OMX/cmex/m/n on input line 10.
LaTeX Font Info:    ... okay on input line 10.
LaTeX Font Info:    Checking defaults for U/cmr/m/n on input line 10.
LaTeX Font Info:    ... okay on input line 10.

*geometry* driver: auto-detecting
*geometry* detected driver: pdftex
*geometry* verbose mode - [ preamble ] result:
* driver: pdftex
* paper: a4paper
* layout: <same size as paper>
* layoutoffset:(h,v)=(0.0pt,0.0pt)
* modes: 
* h-part:(L,W,R)=(81.94394pt, 433.62pt, 81.94394pt)
* v-part:(T,H,B)=(106.75473pt, 578.15999pt, 160.13213pt)
* \paperwidth=597.50787pt
* \paperheight=845.04684pt
* \textwidth=433.62pt
* \textheight=578.15999pt
* \oddsidemargin=9.67395pt
* \evensidemargin=9.67395pt
* \topmargin=-2.51526pt
* \headheight=12.0pt
* \headsep=25.0pt
* \topskip=10.0pt
* \footskip=30.0pt
* \marginparwidth=65.0pt
* \marginparsep=11.0pt
* \columnsep=10.0pt
* \skip\footins=9.0pt plus 4.0pt minus 2.0pt
* \hoffset=0.0pt
* \voffset=0.0pt
* \mag=1000
* \@twocolumnfalse
* \@twosidefalse
* \@mparswitchfalse
* \@reversemarginfalse
* (1in=72.27pt=25.4mm, 1cm=28.453pt)

LaTeX Font Info:    Try loading font information for U+msa on input line 11.
(/usr/share/texmf-dist/tex/latex/amsfonts/umsa.fd
File: umsa.fd 2013/01/14 v3.01 AMS symbols A
)
LaTeX Font Info:    Try loading font information for U+msb on input line 11.

(/usr/share/texmf-dist/tex/latex/amsfonts/umsb.fd
File: umsb.fd 2013/01/14 v3.01 AMS symbols B
) [1

{/var/lib/texmf/fonts/map/pdftex/updmap/pdftex.map}] [2]
Overfull \hbox (0.25327pt too wide) in paragraph at lines 388--388
[]     \OT1/cmtt/m/n/5 delta_i:  [-0.0178604  -0.0267906  -0.08037179][] 
 []


Overfull \hbox (0.25327pt too wide) in paragraph at lines 388--388
[]     \OT1/cmtt/m/n/5 Delta_w:  [ 0.20450156  0.38801714  0.314343  ][] 
 []


Overfull \hbox (2.90955pt too wide) in paragraph at lines 388--388
[]     \OT1/cmtt/m/n/5 Delta_W:  [[ 0.00669765  0.01004647  0.03013942][] 
 []


Overfull \hbox (0.25327pt too wide) in paragraph at lines 388--388
[]     \OT1/cmtt/m/n/5 delta_i:  [-0.19569365 -0.36437743 -0.35245795][] 
 []


Overfull \hbox (0.25327pt too wide) in paragraph at lines 388--388
[]     \OT1/cmtt/m/n/5 Delta_w:  [ 0.05325826  0.07149747  0.02250475][] 
 []


Overfull \hbox (2.90955pt too wide) in paragraph at lines 388--388
[]     \OT1/cmtt/m/n/5 Delta_W:  [[ 0.01956937  0.03643774  0.0352458 ][] 
 []


Overfull \hbox (0.25327pt too wide) in paragraph at lines 388--388
[]     \OT1/cmtt/m/n/5 delta_i:  [ 0.          0.          0.50397952][] 
 []


Overfull \hbox (0.25327pt too wide) in paragraph at lines 388--388
[]     \OT1/cmtt/m/n/5 Delta_w:  [ 0.          0.         -0.40600125][] 
 []


Overfull \hbox (2.90955pt too wide) in paragraph at lines 388--388
[]     \OT1/cmtt/m/n/5 Delta_W:  [[ 0.          0.          0.18899232][] 
 []


Overfull \hbox (0.25327pt too wide) in paragraph at lines 388--388
[]     \OT1/cmtt/m/n/5 delta_i:  [ 0.30174183  0.53177972  0.02264641][] 
 []


Overfull \hbox (0.25327pt too wide) in paragraph at lines 388--388
[]     \OT1/cmtt/m/n/5 Delta_w:  [-0.06743546 -0.06887703 -0.00809709][] 
 []


Overfull \hbox (2.90955pt too wide) in paragraph at lines 388--388
[]     \OT1/cmtt/m/n/5 Delta_W:  [[-0.03017418 -0.05317797 -0.00226464][] 
 []


Overfull \hbox (0.25327pt too wide) in paragraph at lines 388--388
[]     \OT1/cmtt/m/n/5 delta_i:  [-0.09255128 -0.18509767 -0.00561026][] 
 []


Overfull \hbox (0.25327pt too wide) in paragraph at lines 388--388
[]     \OT1/cmtt/m/n/5 Delta_w:  [ 0.10357099  0.19592281  0.16832268][] 
 []


Overfull \hbox (2.90955pt too wide) in paragraph at lines 388--388
[]     \OT1/cmtt/m/n/5 Delta_W:  [[ 0.03470673  0.06941163  0.00210385][] 
 []


Overfull \hbox (0.25327pt too wide) in paragraph at lines 388--388
[]     \OT1/cmtt/m/n/5 delta_i:  [-0.2547837  -0.50045196 -0.14697325][] 
 []


Overfull \hbox (0.25327pt too wide) in paragraph at lines 388--388
[]     \OT1/cmtt/m/n/5 Delta_w:  [ 0.05255243  0.07280864  0.03528887][] 
 []


Overfull \hbox (2.90955pt too wide) in paragraph at lines 388--388
[]     \OT1/cmtt/m/n/5 Delta_W:  [[ 0.02547837  0.0500452   0.01469733][] 
 []


Overfull \hbox (0.25327pt too wide) in paragraph at lines 388--388
[]     \OT1/cmtt/m/n/5 delta_i:  [ 0.          0.          0.23249612][] 
 []


Overfull \hbox (0.25327pt too wide) in paragraph at lines 388--388
[]     \OT1/cmtt/m/n/5 Delta_w:  [ 0.          0.         -0.20363028][] 
 []


Overfull \hbox (2.90955pt too wide) in paragraph at lines 388--388
[]     \OT1/cmtt/m/n/5 Delta_W:  [[ 0.          0.          0.08718605][] 
 []


Overfull \hbox (0.25327pt too wide) in paragraph at lines 388--388
[]     \OT1/cmtt/m/n/5 delta_i:  [ 0.40943223  0.77023227  0.01422401][] 
 []


Overfull \hbox (0.25327pt too wide) in paragraph at lines 388--388
[]     \OT1/cmtt/m/n/5 Delta_w:  [-0.07128772 -0.07545637 -0.02210986][] 
 []


Overfull \hbox (2.90955pt too wide) in paragraph at lines 388--388
[]     \OT1/cmtt/m/n/5 Delta_W:  [[-0.04094322 -0.07702323 -0.0014224 ][] 
 []


Overfull \hbox (0.25327pt too wide) in paragraph at lines 388--388
[]     \OT1/cmtt/m/n/5 delta_i:  [-0.06117098 -0.12723143  0.0019438 ][] 
 []


Overfull \hbox (0.25327pt too wide) in paragraph at lines 388--388
[]     \OT1/cmtt/m/n/5 Delta_w:  [ 0.05471997  0.10434316  0.08005699][] 
 []


Overfull \hbox (2.90955pt too wide) in paragraph at lines 388--388
[]     \OT1/cmtt/m/n/5 Delta_W:  [[ 0.02293912  0.04771179 -0.00072893][] 
 []

[3]
Overfull \hbox (0.25327pt too wide) in paragraph at lines 388--388
[]     \OT1/cmtt/m/n/5 delta_i:  [-0.2747787  -0.56408307 -0.05550691][] 
 []


Overfull \hbox (0.25327pt too wide) in paragraph at lines 388--388
[]     \OT1/cmtt/m/n/5 Delta_w:  [ 0.05224097  0.07369786  0.04021445][] 
 []


Overfull \hbox (2.90955pt too wide) in paragraph at lines 388--388
[]     \OT1/cmtt/m/n/5 Delta_W:  [[ 0.02747787  0.05640831  0.00555069][] 
 []


Overfull \hbox (0.25327pt too wide) in paragraph at lines 388--388
[]     \OT1/cmtt/m/n/5 delta_i:  [ 0.          0.          0.11373245][] 
 []


Overfull \hbox (0.25327pt too wide) in paragraph at lines 388--388
[]     \OT1/cmtt/m/n/5 Delta_w:  [ 0.          0.         -0.12175636][] 
 []


Overfull \hbox (2.90955pt too wide) in paragraph at lines 388--388
[]     \OT1/cmtt/m/n/5 Delta_W:  [[ 0.          0.          0.04264967][] 
 []


Overfull \hbox (0.25327pt too wide) in paragraph at lines 388--388
[]     \OT1/cmtt/m/n/5 delta_i:  [ 0.45385794  0.89384657 -0.01226187][] 
 []


Overfull \hbox (0.25327pt too wide) in paragraph at lines 388--388
[]     \OT1/cmtt/m/n/5 Delta_w:  [-0.07190871 -0.07690461 -0.02878843][] 
 []


Overfull \hbox (2.90955pt too wide) in paragraph at lines 388--388
[]     \OT1/cmtt/m/n/5 Delta_W:  [[-0.04538579 -0.08938466  0.00122619][] 
 []


Overfull \hbox (0.25327pt too wide) in paragraph at lines 388--388
[]     \OT1/cmtt/m/n/5 delta_i:  [-0.04093336 -0.08863802  0.00491536][] 
 []


Overfull \hbox (0.25327pt too wide) in paragraph at lines 388--388
[]     \OT1/cmtt/m/n/5 Delta_w:  [ 0.03508006  0.0674266   0.04790761][] 
 []


Overfull \hbox (2.90955pt too wide) in paragraph at lines 388--388
[]     \OT1/cmtt/m/n/5 Delta_W:  [[ 0.01535001  0.03323926 -0.00184326][] 
 []


Overfull \hbox (0.25327pt too wide) in paragraph at lines 388--388
[]     \OT1/cmtt/m/n/5 delta_i:  [-0.28192418 -0.60389662 -0.00637109][] 
 []


Overfull \hbox (0.25327pt too wide) in paragraph at lines 388--388
[]     \OT1/cmtt/m/n/5 Delta_w:  [ 0.05180798  0.07383166  0.0422969 ][] 
 []


Overfull \hbox (2.90955pt too wide) in paragraph at lines 388--388
[]     \OT1/cmtt/m/n/5 Delta_W:  [[ 0.02819242  0.06038966  0.00063711][] 
 []


Overfull \hbox (0.25327pt too wide) in paragraph at lines 388--388
[]     \OT1/cmtt/m/n/5 delta_i:  [ 0.          0.          0.05097598][] 
 []


Overfull \hbox (0.25327pt too wide) in paragraph at lines 388--388
[]     \OT1/cmtt/m/n/5 Delta_w:  [ 0.          0.         -0.08437388][] 
 []


Overfull \hbox (2.90955pt too wide) in paragraph at lines 388--388
[]     \OT1/cmtt/m/n/5 Delta_W:  [[ 0.          0.          0.01911599][] 
 []


Overfull \hbox (0.25327pt too wide) in paragraph at lines 388--388
[]     \OT1/cmtt/m/n/5 delta_i:  [ 0.47224984  0.96952934 -0.03829386][] 
 []


Overfull \hbox (0.25327pt too wide) in paragraph at lines 388--388
[]     \OT1/cmtt/m/n/5 Delta_w:  [-0.07094276 -0.07556436 -0.03168287][] 
 []


Overfull \hbox (2.90955pt too wide) in paragraph at lines 388--388
[]     \OT1/cmtt/m/n/5 Delta_W:  [[-0.04722498 -0.09695293  0.00382939][] 
 []

[4] [5] (./paper_assignment_1_solved.aux) ) 
Here is how much of TeX's memory you used:
 1772 strings out of 493013
 21891 string characters out of 6139317
 129163 words of memory out of 5000000
 5327 multiletter control sequences out of 15000+600000
 11830 words of font info for 47 fonts, out of 8000000 for 9000
 1141 hyphenation exceptions out of 8191
 27i,11n,31p,355b,383s stack positions out of 5000i,500n,10000p,200000b,80000s
</usr/share/texmf-dist/fonts/type1/p
ublic/amsfonts/cm/cmbx10.pfb></usr/share/texmf-dist/fonts/type1/public/amsfonts
/cm/cmbx12.pfb></usr/share/texmf-dist/fonts/type1/public/amsfonts/cm/cmex10.pfb
></usr/share/texmf-dist/fonts/type1/public/amsfonts/cm/cmmi10.pfb></usr/share/t
exmf-dist/fonts/type1/public/amsfonts/cm/cmmi5.pfb></usr/share/texmf-dist/fonts
/type1/public/amsfonts/cm/cmmi7.pfb></usr/share/texmf-dist/fonts/type1/public/a
msfonts/cm/cmr10.pfb></usr/share/texmf-dist/fonts/type1/public/amsfonts/cm/cmr1
2.pfb></usr/share/texmf-dist/fonts/type1/public/amsfonts/cm/cmr17.pfb></usr/sha
re/texmf-dist/fonts/type1/public/amsfonts/cm/cmr7.pfb></usr/share/texmf-dist/fo
nts/type1/public/amsfonts/cm/cmsy10.pfb></usr/share/texmf-dist/fonts/type1/publ
ic/amsfonts/cm/cmsy7.pfb></usr/share/texmf-dist/fonts/type1/public/amsfonts/cm/
cmtt8.pfb></usr/share/texmf-dist/fonts/type1/public/amsfonts/cm/cmtt9.pfb></usr
/share/texmf-dist/fonts/type1/public/amsfonts/symbols/msbm10.pfb>
Output written on paper_assignment_1_solved.pdf (5 pages, 155263 bytes).
PDF statistics:
 80 PDF objects out of 1000 (max. 8388607)
 57 compressed objects within 1 object stream
 0 named destinations out of 1000 (max. 500000)
 1 words of extra memory for PDF output out of 10000 (max. 10000000)

